INFO: [HLS 200-10] Running '/tools/Xilinx/Vivado/2018.3/bin/unwrapped/lnx64.o/vivado_hls'
INFO: [HLS 200-10] For user 'root' on host 'light-laptop' (Linux_x86_64 version 4.15.0-46-generic) on Thu Apr 04 22:58:30 CEST 2019
INFO: [HLS 200-10] On os Ubuntu 18.04.2 LTS
INFO: [HLS 200-10] In directory '/home/luis/Desktop/Thesis/CNN_Vivado_HLS'
INFO: [HLS 200-10] Opening project '/home/luis/Desktop/Thesis/CNN_Vivado_HLS/CNN_Vivado'.
INFO: [HLS 200-10] Adding design file 'src/CNNFunctions.cpp' to the project
INFO: [HLS 200-10] Adding test bench file 'src/data_loader.cpp' to the project
INFO: [HLS 200-10] Adding test bench file 'src/main.cpp' to the project
INFO: [HLS 200-10] Opening solution '/home/luis/Desktop/Thesis/CNN_Vivado_HLS/CNN_Vivado/solution1'.
INFO: [SYN 201-201] Setting up clock 'default' with a period of 10ns.
INFO: [SYN 201-201] Setting up clock 'default' with an uncertainty of 1.25ns.
INFO: [HLS 200-10] Setting target device to 'xczu3eg-sbva484-1-e'
INFO: [XFORM 203-1172] Optimizing floating point zeros and discarding its signedness.
INFO: [XFORM 203-1172] Optimizing floating point zeros and discarding its signedness.
INFO: [XFORM 203-1173] Reordering floating point operations aggressively.
INFO: [XFORM 203-1176] Optimizing floating point comparison without checking NaN.
INFO: [HLS 200-435] Setting 'config_sdx -target' configuration: config_sdx -optimization_level=none
INFO: [HLS 200-435] Setting 'config_sdx -target' configuration: set_clock_uncertainty default
INFO: [XFORM 203-1172] Optimizing floating point zeros and discarding its signedness.
INFO: [XFORM 203-1172] Optimizing floating point zeros and discarding its signedness.
INFO: [XFORM 203-1173] Reordering floating point operations aggressively.
INFO: [XFORM 203-1176] Optimizing floating point comparison without checking NaN.
INFO: [HLS 200-435] Setting 'config_sdx -target' configuration: set_clock_uncertainty default
INFO: [HLS 200-10] Analyzing design file 'src/CNNFunctions.cpp' ... 
INFO: [HLS 200-111] Finished Linking Time (s): cpu = 00:00:28 ; elapsed = 00:00:29 . Memory (MB): peak = 446.402 ; gain = 0.086 ; free physical = 213 ; free virtual = 1629
INFO: [HLS 200-111] Finished Checking Pragmas Time (s): cpu = 00:00:28 ; elapsed = 00:00:29 . Memory (MB): peak = 446.402 ; gain = 0.086 ; free physical = 214 ; free virtual = 1629
INFO: [HLS 200-10] Starting code transformations ...
INFO: [HLS 200-111] Finished Standard Transforms Time (s): cpu = 00:06:20 ; elapsed = 00:06:22 . Memory (MB): peak = 574.953 ; gain = 128.637 ; free physical = 167 ; free virtual = 1559
INFO: [HLS 200-10] Checking synthesizability ...
INFO: [XFORM 203-602] Inlining function 'fp_struct<float>::data' into 'fp_struct<float>::to_float' (/wrk/2018.3/continuous/2018_12_06_2405991/src/products/hls/hls_lib/src/hls/utils/x_hls_utils.h:348) automatically.
INFO: [XFORM 203-602] Inlining function 'fp_struct<float>::to_float' into 'fp_struct<float>::to_ieee' (/wrk/2018.3/continuous/2018_12_06_2405991/src/products/hls/hls_lib/src/hls/utils/x_hls_utils.h:369) automatically.
INFO: [XFORM 203-602] Inlining function 'fp_struct<float>::data' into 'fp_struct<float>::to_int' (/wrk/2018.3/continuous/2018_12_06_2405991/src/products/hls/hls_lib/src/hls/utils/x_hls_utils.h:342) automatically.
INFO: [XFORM 203-602] Inlining function 'generic_isnan<float>' into 'generic_fmax<float>' (/wrk/2018.3/continuous/2018_12_06_2405991/src/products/hls/hls_lib/hlsmath/include/FloatingPoint/hls_fmax.h:26) automatically.
INFO: [XFORM 203-602] Inlining function 'fp_struct<float>::to_ieee' into 'generic_fmax<float>' (/wrk/2018.3/continuous/2018_12_06_2405991/src/products/hls/hls_lib/hlsmath/include/FloatingPoint/hls_fmax.h:29) automatically.
INFO: [XFORM 203-602] Inlining function 'fp_struct<float>::to_int' into 'generic_fmax<float>' (/wrk/2018.3/continuous/2018_12_06_2405991/src/products/hls/hls_lib/hlsmath/include/FloatingPoint/hls_fmax.h:37) automatically.
INFO: [XFORM 203-602] Inlining function 'fmaxf' into 'LoopOracle' (src/CNNFunctions.cpp:282) automatically.
INFO: [HLS 200-111] Finished Checking Synthesizability Time (s): cpu = 00:06:53 ; elapsed = 00:06:55 . Memory (MB): peak = 574.953 ; gain = 128.637 ; free physical = 264 ; free virtual = 1426
INFO: [XFORM 203-502] Unrolling small iteration loop 'Conv1_CH_in_loop' (src/CNNFunctions.cpp:256) in function 'LoopOracle' automatically.
INFO: [HLS 200-489] Unrolling loop 'Conv1_CH_in_loop' (src/CNNFunctions.cpp:256) in function 'LoopOracle' completely with a factor of 1.
INFO: [XFORM 203-102] Partitioning array 'C1W1' in dimension 2 automatically.
INFO: [XFORM 203-102] Automatically partitioning small array 'C1B' (src/CNNFunctions.cpp:16) completely based on array size.
INFO: [XFORM 203-102] Automatically partitioning small array 'C2B' (src/CNNFunctions.cpp:47) completely based on array size.
INFO: [XFORM 203-102] Automatically partitioning small array 'FCB' (src/CNNFunctions.cpp:236) completely based on array size.
INFO: [XFORM 203-102] Automatically partitioning small array 'dataOut' (src/CNNFunctions.cpp:399) completely based on array size.
INFO: [XFORM 203-101] Partitioning array 'C1B' (src/CNNFunctions.cpp:16) in dimension 1 completely.
INFO: [XFORM 203-101] Partitioning array 'C2B' (src/CNNFunctions.cpp:47) in dimension 1 completely.
INFO: [XFORM 203-101] Partitioning array 'FCB' (src/CNNFunctions.cpp:236) in dimension 1 completely.
INFO: [XFORM 203-101] Partitioning array 'dataOut' (src/CNNFunctions.cpp:399) in dimension 1 completely.
INFO: [XFORM 203-602] Inlining function 'fp_struct<float>::data' into 'fp_struct<float>::to_float' (/wrk/2018.3/continuous/2018_12_06_2405991/src/products/hls/hls_lib/src/hls/utils/x_hls_utils.h:348) automatically.
INFO: [XFORM 203-602] Inlining function 'fp_struct<float>::to_float' into 'fp_struct<float>::to_ieee' (/wrk/2018.3/continuous/2018_12_06_2405991/src/products/hls/hls_lib/src/hls/utils/x_hls_utils.h:369) automatically.
INFO: [XFORM 203-602] Inlining function 'fp_struct<float>::data' into 'fp_struct<float>::to_int' (/wrk/2018.3/continuous/2018_12_06_2405991/src/products/hls/hls_lib/src/hls/utils/x_hls_utils.h:342) automatically.
INFO: [XFORM 203-602] Inlining function 'generic_isnan<float>' into 'generic_fmax<float>' (/wrk/2018.3/continuous/2018_12_06_2405991/src/products/hls/hls_lib/hlsmath/include/FloatingPoint/hls_fmax.h:26) automatically.
INFO: [XFORM 203-602] Inlining function 'fp_struct<float>::to_ieee' into 'generic_fmax<float>' (/wrk/2018.3/continuous/2018_12_06_2405991/src/products/hls/hls_lib/hlsmath/include/FloatingPoint/hls_fmax.h:29) automatically.
INFO: [XFORM 203-602] Inlining function 'fp_struct<float>::to_int' into 'generic_fmax<float>' (/wrk/2018.3/continuous/2018_12_06_2405991/src/products/hls/hls_lib/hlsmath/include/FloatingPoint/hls_fmax.h:37) automatically.
INFO: [XFORM 203-602] Inlining function 'fmaxf' into 'LoopOracle' (src/CNNFunctions.cpp:282) automatically.
WARNING: [ANALYSIS 214-31] The program may have out of bound access of array variable 'DataOutMP1' in function 'LoopOracle' (src/CNNFunctions.cpp:279:29).
WARNING: [ANALYSIS 214-31] The program may have out of bound access of array variable 'DataOutMP2' in function 'LoopOracle' (src/CNNFunctions.cpp:327:29).
WARNING: [ANALYSIS 214-31] The program may have out of bound access of array variable 'DataOutMP3' in function 'LoopOracle' (src/CNNFunctions.cpp:375:29).
INFO: [XFORM 203-401] Performing if-conversion on hyperblock from (/wrk/2018.3/continuous/2018_12_06_2405991/src/products/hls/hls_lib/hlsmath/include/FloatingPoint/hls_fmax.h:18:18) to (/wrk/2018.3/continuous/2018_12_06_2405991/src/products/hls/hls_lib/hlsmath/include/FloatingPoint/hls_fmax.h:41:3) in function 'generic_fmax<float>'... converting 9 basic blocks.
INFO: [XFORM 203-603] Inlining function 'aesl_mux_load.4floatP.i2' into 'LoopOracle' (src/CNNFunctions.cpp:299).
INFO: [XFORM 203-11] Balancing expressions in function 'generic_fmax<float>' (/wrk/2018.3/continuous/2018_12_06_2405991/src/products/hls/hls_lib/hlsmath/include/FloatingPoint/hls_fmax.h:18)...3 expression(s) balanced.
INFO: [HLS 200-111] Finished Pre-synthesis Time (s): cpu = 00:07:27 ; elapsed = 00:07:29 . Memory (MB): peak = 574.953 ; gain = 128.637 ; free physical = 218 ; free virtual = 1387
INFO: [HLS 200-111] Finished Architecture Synthesis Time (s): cpu = 00:08:01 ; elapsed = 00:08:03 . Memory (MB): peak = 654.316 ; gain = 208.000 ; free physical = 203 ; free virtual = 1446
INFO: [HLS 200-10] Starting hardware synthesis ...
INFO: [HLS 200-10] Synthesizing 'LoopOracle' ...
WARNING: [SYN 201-103] Legalizing function name 'generic_fmax<float>' to 'generic_fmax_float_s'.
INFO: [HLS 200-10] ----------------------------------------------------------------
INFO: [HLS 200-42] -- Implementing module 'generic_fmax_float_s' 
INFO: [HLS 200-10] ----------------------------------------------------------------
INFO: [SCHED 204-11] Starting scheduling ...
INFO: [SCHED 204-11] Finished scheduling.
INFO: [HLS 200-111]  Elapsed time: 483.26 seconds; current allocated memory: 141.439 MB.
INFO: [BIND 205-100] Starting micro-architecture generation ...
INFO: [BIND 205-101] Performing variable lifetime analysis.
INFO: [BIND 205-101] Exploring resource sharing.
INFO: [BIND 205-101] Binding ...
INFO: [BIND 205-100] Finished micro-architecture generation.
INFO: [HLS 200-111]  Elapsed time: 0.14 seconds; current allocated memory: 141.643 MB.
INFO: [HLS 200-10] ----------------------------------------------------------------
INFO: [HLS 200-42] -- Implementing module 'LoopOracle' 
INFO: [HLS 200-10] ----------------------------------------------------------------
INFO: [SCHED 204-11] Starting scheduling ...
INFO: [SCHED 204-11] Finished scheduling.
INFO: [HLS 200-111]  Elapsed time: 1.53 seconds; current allocated memory: 143.877 MB.
INFO: [HLS 200-434] Only 0 loops out of a total 47 loops have been pipelined in this design.
INFO: [BIND 205-100] Starting micro-architecture generation ...
INFO: [BIND 205-101] Performing variable lifetime analysis.
INFO: [BIND 205-101] Exploring resource sharing.
INFO: [BIND 205-101] Binding ...
INFO: [BIND 205-100] Finished micro-architecture generation.
INFO: [HLS 200-111]  Elapsed time: 1.6 seconds; current allocated memory: 146.557 MB.
INFO: [HLS 200-10] ----------------------------------------------------------------
INFO: [HLS 200-10] -- Generating RTL for module 'generic_fmax_float_s' 
INFO: [HLS 200-10] ----------------------------------------------------------------
INFO: [RTGEN 206-100] Finished creating RTL model for 'generic_fmax_float_s'.
INFO: [HLS 200-111]  Elapsed time: 2.28 seconds; current allocated memory: 147.183 MB.
INFO: [HLS 200-10] ----------------------------------------------------------------
INFO: [HLS 200-10] -- Generating RTL for module 'LoopOracle' 
INFO: [HLS 200-10] ----------------------------------------------------------------
INFO: [RTGEN 206-500] Setting interface mode on port 'LoopOracle/DataInTr' to 'ap_memory'.
INFO: [RTGEN 206-500] Setting interface mode on port 'LoopOracle/CnnOut' to 'ap_memory'.
INFO: [RTGEN 206-500] Setting interface mode on function 'LoopOracle' to 'ap_ctrl_hs'.
INFO: [RTGEN 206-100] Generating core module 'LoopOracle_fadd_32ns_32ns_32_4_full_dsp_1': 1 instance(s).
INFO: [RTGEN 206-100] Generating core module 'LoopOracle_fcmp_32ns_32ns_1_1_1': 1 instance(s).
INFO: [RTGEN 206-100] Generating core module 'LoopOracle_fmul_32ns_32ns_32_3_max_dsp_1': 1 instance(s).
INFO: [RTGEN 206-100] Finished creating RTL model for 'LoopOracle'.
INFO: [HLS 200-111]  Elapsed time: 1.02 seconds; current allocated memory: 151.966 MB.
INFO: [RTMG 210-279] Implementing memory 'LoopOracle_C1W1_0_rom' using distributed ROMs.
INFO: [RTMG 210-279] Implementing memory 'LoopOracle_C2W2_rom' using auto ROMs.
INFO: [RTMG 210-279] Implementing memory 'LoopOracle_C3B4_rom' using distributed ROMs.
INFO: [RTMG 210-279] Implementing memory 'LoopOracle_C3W3_rom' using auto ROMs.
INFO: [RTMG 210-279] Implementing memory 'LoopOracle_FCW5_rom' using auto ROMs.
INFO: [RTMG 210-278] Implementing memory 'LoopOracle_DataOutC1_ram (RAM)' using block RAMs.
INFO: [RTMG 210-278] Implementing memory 'LoopOracle_DataOutMP1_ram (RAM)' using block RAMs.
INFO: [RTMG 210-278] Implementing memory 'LoopOracle_DataOutC2_ram (RAM)' using block RAMs.
INFO: [RTMG 210-278] Implementing memory 'LoopOracle_DataOutMP2_ram (RAM)' using block RAMs.
INFO: [RTMG 210-278] Implementing memory 'LoopOracle_DataOutC3_ram (RAM)' using block RAMs.
INFO: [RTMG 210-278] Implementing memory 'LoopOracle_DataOutMP3_ram (RAM)' using block RAMs.
INFO: [HLS 200-111] Finished generating all RTL models Time (s): cpu = 00:08:15 ; elapsed = 00:08:20 . Memory (MB): peak = 655.316 ; gain = 209.000 ; free physical = 158 ; free virtual = 1418
INFO: [SYSC 207-301] Generating SystemC RTL for LoopOracle.
INFO: [VHDL 208-304] Generating VHDL RTL for LoopOracle.
INFO: [VLOG 209-307] Generating Verilog RTL for LoopOracle.
INFO: [HLS 200-112] Total elapsed time: 500.52 seconds; peak allocated memory: 151.966 MB.
